{"timestamp":"2026-07-16T07:09:16.028869Z","level":"info","event":"::group::Pre Execute","logger":"task","filename":"task_runner.py","lineno":2303}
{"timestamp":"2026-07-16T07:09:20.293713Z","level":"info","event":"DAG bundles loaded: dags-folder","dag_id":"orchestrate","run_id":"manual__2026-07-16T07:09:14.822339+00:00","map_index":-1,"task_id":"ingest_cdc","try_number":1,"ti_id":"019f69c2-14ea-71a1-ae75-edf23150f97a","logger":"airflow.dag_processing.bundles.manager.DagBundlesManager","filename":"manager.py","lineno":271}
{"timestamp":"2026-07-16T07:09:20.294666Z","level":"info","event":"Filling up the DagBag from /opt/airflow/dags/orchestrate.py","dag_id":"orchestrate","run_id":"manual__2026-07-16T07:09:14.822339+00:00","map_index":-1,"task_id":"ingest_cdc","try_number":1,"ti_id":"019f69c2-14ea-71a1-ae75-edf23150f97a","logger":"airflow.dag_processing.dagbag.BundleDagBag","filename":"dagbag.py","lineno":460}
{"timestamp":"2026-07-16T07:09:23.351529Z","level":"warning","event":"The `airflow.operators.bash.BashOperator` attribute is deprecated. Please use `'airflow.providers.standard.operators.bash.BashOperator'`.","category":"UserWarning","filename":"/opt/airflow/dags/orchestrate.py","lineno":2,"dag_id":"orchestrate","run_id":"manual__2026-07-16T07:09:14.822339+00:00","map_index":-1,"task_id":"ingest_cdc","try_number":1,"ti_id":"019f69c2-14ea-71a1-ae75-edf23150f97a","logger":"py.warnings"}
{"timestamp":"2026-07-16T07:09:23.354767Z","level":"info","event":"Worker startup parse complete","bundle_name":"dags-folder","bundle_version":null,"dag_file":"orchestrate.py","dag_id":"orchestrate","bundle_prepare_ms":1,"dag_file_parse_ms":3060,"run_id":"manual__2026-07-16T07:09:14.822339+00:00","map_index":-1,"task_id":"ingest_cdc","try_number":1,"ti_id":"019f69c2-14ea-71a1-ae75-edf23150f97a","logger":"task","filename":"task_runner.py","lineno":1062}
{"timestamp":"2026-07-16T07:09:23.387496Z","level":"info","event":"::endgroup::","dag_id":"orchestrate","run_id":"manual__2026-07-16T07:09:14.822339+00:00","map_index":-1,"task_id":"ingest_cdc","try_number":1,"ti_id":"019f69c2-14ea-71a1-ae75-edf23150f97a","logger":"task","filename":"task_runner.py","lineno":2107}
{"timestamp":"2026-07-16T07:09:24.995522Z","level":"info","event":"Job run status: RunLifeCycleState.PENDING","logger":"task.stdout"}
{"timestamp":"2026-07-16T07:09:24.995793Z","level":"info","event":"Job result state: None","logger":"task.stdout"}
{"timestamp":"2026-07-16T07:09:30.150916Z","level":"info","event":"Job run status: RunLifeCycleState.RUNNING","logger":"task.stdout"}
{"timestamp":"2026-07-16T07:09:30.151236Z","level":"info","event":"Job result state: None","logger":"task.stdout"}
{"timestamp":"2026-07-16T07:09:35.290222Z","level":"info","event":"Job run status: RunLifeCycleState.RUNNING","logger":"task.stdout"}
{"timestamp":"2026-07-16T07:09:35.290542Z","level":"info","event":"Job result state: None","logger":"task.stdout"}
{"timestamp":"2026-07-16T07:09:40.419760Z","level":"info","event":"Job run status: RunLifeCycleState.RUNNING","logger":"task.stdout"}
{"timestamp":"2026-07-16T07:09:40.420036Z","level":"info","event":"Job result state: None","logger":"task.stdout"}
{"timestamp":"2026-07-16T07:09:45.582453Z","level":"info","event":"Job run status: RunLifeCycleState.RUNNING","logger":"task.stdout"}
{"timestamp":"2026-07-16T07:09:45.582710Z","level":"info","event":"Job result state: None","logger":"task.stdout"}
{"timestamp":"2026-07-16T07:09:50.734724Z","level":"info","event":"Job run status: RunLifeCycleState.RUNNING","logger":"task.stdout"}
{"timestamp":"2026-07-16T07:09:50.735017Z","level":"info","event":"Job result state: None","logger":"task.stdout"}
{"timestamp":"2026-07-16T07:09:55.863657Z","level":"info","event":"Job run status: RunLifeCycleState.RUNNING","logger":"task.stdout"}
{"timestamp":"2026-07-16T07:09:55.863960Z","level":"info","event":"Job result state: None","logger":"task.stdout"}
{"timestamp":"2026-07-16T07:10:01.039696Z","level":"info","event":"Job run status: RunLifeCycleState.RUNNING","logger":"task.stdout"}
{"timestamp":"2026-07-16T07:10:01.040045Z","level":"info","event":"Job result state: None","logger":"task.stdout"}
{"timestamp":"2026-07-16T07:10:06.192817Z","level":"info","event":"Job run status: RunLifeCycleState.RUNNING","logger":"task.stdout"}
{"timestamp":"2026-07-16T07:10:06.193190Z","level":"info","event":"Job result state: None","logger":"task.stdout"}
{"timestamp":"2026-07-16T07:10:11.330668Z","level":"info","event":"Job run status: RunLifeCycleState.RUNNING","logger":"task.stdout"}
{"timestamp":"2026-07-16T07:10:11.330933Z","level":"info","event":"Job result state: None","logger":"task.stdout"}
{"timestamp":"2026-07-16T07:10:16.461625Z","level":"info","event":"Job run status: RunLifeCycleState.RUNNING","logger":"task.stdout"}
{"timestamp":"2026-07-16T07:10:16.461924Z","level":"info","event":"Job result state: None","logger":"task.stdout"}
{"timestamp":"2026-07-16T07:10:21.596826Z","level":"info","event":"Job run status: RunLifeCycleState.RUNNING","logger":"task.stdout"}
{"timestamp":"2026-07-16T07:10:21.597086Z","level":"info","event":"Job result state: None","logger":"task.stdout"}
{"timestamp":"2026-07-16T07:10:26.756359Z","level":"info","event":"Job run status: RunLifeCycleState.TERMINATED","logger":"task.stdout"}
{"timestamp":"2026-07-16T07:10:26.756731Z","level":"info","event":"Job result state: RunResultState.SUCCESS","logger":"task.stdout"}
{"timestamp":"2026-07-16T07:10:26.757063Z","level":"info","event":"Job completed successfully","logger":"task.stdout"}
{"timestamp":"2026-07-16T07:10:26.756394Z","level":"info","event":"Done. Returned value was: CDC ingestion completed","dag_id":"orchestrate","run_id":"manual__2026-07-16T07:09:14.822339+00:00","map_index":-1,"task_id":"ingest_cdc","try_number":1,"ti_id":"019f69c2-14ea-71a1-ae75-edf23150f97a","logger":"airflow.task.operators.airflow.providers.standard.decorators.python._PythonDecoratedOperator","filename":"python.py","lineno":229}
{"timestamp":"2026-07-16T07:10:26.756609Z","level":"info","event":"::group::Post Execute","dag_id":"orchestrate","run_id":"manual__2026-07-16T07:09:14.822339+00:00","map_index":-1,"task_id":"ingest_cdc","try_number":1,"ti_id":"019f69c2-14ea-71a1-ae75-edf23150f97a","logger":"task","filename":"task_runner.py","lineno":1577}
{"timestamp":"2026-07-16T07:10:26.756817Z","level":"info","event":"Pushing xcom","ti":"RuntimeTaskInstance(id=UUID('019f69c2-14ea-71a1-ae75-edf23150f97a'), task_id='ingest_cdc', dag_id='orchestrate', run_id='manual__2026-07-16T07:09:14.822339+00:00', try_number=1, dag_version_id=UUID('019f663d-4700-7a5a-8c50-9fd34f0f6652'), map_index=-1, hostname='c01bd5844a2a', context_carrier={'traceparent': '00-922bdcb70cd63f6872edcf2a400fa8ed-597c91f6b3d00e81-00'}, queue='default', task=<Task(_PythonDecoratedOperator): ingest_cdc>, bundle_instance=LocalDagBundle(name=dags-folder), max_tries=0, start_date=datetime.datetime(2026, 7, 16, 7, 9, 20, 287766, tzinfo=datetime.timezone.utc), end_date=None, state=<TaskInstanceState.RUNNING: 'running'>, is_mapped=False, rendered_map_index=None, sentry_integration='')","dag_id":"orchestrate","run_id":"manual__2026-07-16T07:09:14.822339+00:00","map_index":-1,"task_id":"ingest_cdc","try_number":1,"ti_id":"019f69c2-14ea-71a1-ae75-edf23150f97a","logger":"task","filename":"task_runner.py","lineno":2171}
{"timestamp":"2026-07-16T07:10:26.801181Z","level":"info","event":"::endgroup::","dag_id":"orchestrate","run_id":"manual__2026-07-16T07:09:14.822339+00:00","map_index":-1,"task_id":"ingest_cdc","try_number":1,"ti_id":"019f69c2-14ea-71a1-ae75-edf23150f97a","logger":"task","filename":"task_runner.py","lineno":2270}
